       Fresh unicode-ident v1.0.24
       Fresh proc-macro2 v1.0.106
       Fresh cfg-if v1.0.4
       Fresh quote v1.0.45
       Fresh serde_core v1.0.228
       Fresh windows-link v0.2.1
       Fresh syn v2.0.117
       Fresh getrandom v0.2.17
       Fresh serde_derive v1.0.228
       Fresh synstructure v0.13.2
       Fresh zerovec-derive v0.11.3
       Fresh serde v1.0.228
       Fresh zerofrom-derive v0.1.7
       Fresh yoke-derive v0.8.2
       Fresh zerocopy v0.8.48
       Fresh zerofrom v0.1.7
       Fresh smallvec v1.15.1
       Fresh ppv-lite86 v0.2.21
       Fresh displaydoc v0.2.5
       Fresh rand_core v0.6.4
       Fresh memchr v2.8.0
       Fresh litemap v0.8.2
       Fresh writeable v0.6.3
       Fresh rand_chacha v0.3.1
       Fresh itoa v1.0.18
       Fresh scopeguard v1.2.0
       Fresh utf8_iter v1.0.4
       Fresh lock_api v0.4.14
       Fresh version_check v0.9.5
       Fresh icu_properties_data v2.2.0
       Fresh icu_normalizer_data v2.2.0
       Fresh zmij v1.0.21
       Fresh autocfg v1.5.0
       Fresh thiserror-impl v2.0.18
       Fresh percent-encoding v2.3.2
       Fresh thiserror v2.0.18
       Fresh parking_lot_core v0.9.12
       Fresh form_urlencoded v1.2.2
       Fresh log v0.4.29
       Fresh parking_lot v0.12.5
       Fresh bytes v1.11.1
       Fresh const-oid v0.9.6
       Fresh typenum v1.20.0
       Fresh siphasher v1.0.2
       Fresh byteorder v1.5.0
       Fresh generic-array v0.14.7
       Fresh crypto-common v0.1.7
       Fresh block-buffer v0.10.4
       Fresh subtle v2.6.1
       Fresh equivalent v1.0.2
       Fresh stable_deref_trait v1.2.1
       Fresh pin-project-lite v0.2.17
       Fresh yoke v0.8.2
       Fresh digest v0.10.7
       Fresh phf_generator v0.11.3
       Fresh siphasher v0.3.11
       Fresh hashbrown v0.17.0
       Fresh indexmap v2.14.0
       Fresh zerovec v0.11.6
       Fresh windows-sys v0.61.2
       Fresh find-msvc-tools v0.1.9
       Fresh shlex v1.3.0
       Fresh cc v1.2.60
       Fresh futures-core v0.3.32
       Fresh getrandom v0.1.16
       Fresh crossbeam-utils v0.8.21
       Fresh once_cell v1.21.4
       Fresh rand_core v0.5.1
       Fresh tinystr v0.8.3
       Fresh libm v0.2.16
       Fresh icu_locale_core v2.2.0
       Fresh potential_utf v0.1.5
       Fresh zerotrie v0.2.4
       Fresh phf_macros v0.11.3
       Fresh winnow v1.0.1
       Fresh strsim v0.11.1
       Fresh cpufeatures v0.2.17
       Fresh futures-sink v0.3.32
       Fresh ident_case v1.0.1
       Fresh icu_provider v2.2.0
       Fresh icu_collections v2.2.0
       Fresh darling_core v0.23.0
       Fresh toml_parser v1.1.2+spec-1.1.0
       Fresh num-traits v0.2.19
       Fresh getrandom v0.4.2
       Fresh syn v1.0.109
       Fresh rand_pcg v0.2.1
       Fresh rand_chacha v0.2.2
       Fresh phf_shared v0.8.0
       Fresh aho-corasick v1.1.4
       Fresh serde_spanned v1.1.1
       Fresh toml_datetime v0.7.5+spec-1.1.0
       Fresh regex-syntax v0.8.10
       Fresh unic-common v0.9.0
       Fresh toml_writer v1.1.1+spec-1.1.0
       Fresh winnow v0.7.15
       Fresh unic-char-range v0.9.0
       Fresh unic-ucd-version v0.9.0
       Fresh toml v0.9.12+spec-1.1.0
       Fresh unic-char-property v0.9.0
       Fresh regex-automata v0.4.14
       Fresh rand v0.7.3
       Fresh uuid v1.23.1
       Fresh darling_macro v0.23.0
       Fresh windows_x86_64_msvc v0.52.6
       Fresh tracing-core v0.1.36
       Fresh phf_shared v0.10.0
       Fresh thiserror-impl v1.0.69
       Fresh tracing-attributes v0.1.31
       Fresh windows-link v0.1.3
       Fresh slab v0.4.12
       Fresh futures-io v0.3.32
       Fresh new_debug_unreachable v1.0.6
       Fresh futures-task v0.3.32
       Fresh alloc-no-stdlib v2.0.4
       Fresh alloc-stdlib v0.2.2
       Fresh tracing v0.1.44
       Fresh thiserror v1.0.69
       Fresh phf_generator v0.10.0
       Fresh windows-targets v0.52.6
       Fresh darling v0.23.0
       Fresh typeid v1.0.3
       Fresh phf_generator v0.8.0
       Fresh unic-ucd-ident v0.9.0
       Fresh regex v1.12.3
       Fresh proc-macro-hack v0.5.20+deprecated
       Fresh icu_properties v2.2.0
       Fresh icu_normalizer v2.2.0
       Fresh string_cache_codegen v0.5.4
       Fresh phf_codegen v0.11.3
       Fresh spin v0.9.8
       Fresh dunce v1.0.5
       Fresh mac v0.1.1
       Fresh precomputed-hash v0.1.1
       Fresh fnv v1.0.7
       Fresh futf v0.1.5
       Fresh cfb v0.7.3
       Fresh idna_adapter v1.2.1
       Fresh phf_macros v0.10.0
       Fresh phf_codegen v0.8.0
       Fresh erased-serde v0.4.10
       Fresh serde_with_macros v3.18.0
       Fresh brotli-decompressor v5.0.0
       Fresh http v1.4.0
       Fresh foldhash v0.1.5
       Fresh bitflags v1.3.2
       Fresh dtoa v1.0.11
       Fresh allocator-api2 v0.2.21
       Fresh zeroize v1.8.2
       Fresh utf-8 v0.7.6
       Fresh dtoa-short v0.3.5
       Fresh hashbrown v0.15.5
       Fresh tendril v0.4.3
       Fresh brotli v8.0.2
       Fresh phf v0.10.1
       Fresh serde_with v3.18.0
       Fresh serde-untagged v0.1.9
       Fresh anyhow v1.0.102
       Fresh idna v1.1.0
       Fresh libc v0.2.185
       Fresh infer v0.19.0
       Fresh serde_json v1.0.149
       Fresh string_cache v0.8.9
       Fresh windows-strings v0.4.2
       Fresh windows-result v0.3.4
       Fresh concurrent-queue v2.5.0
       Fresh cssparser-macros v0.6.1
       Fresh ctor v0.2.9
       Fresh windows-interface v0.59.3
       Fresh windows-implement v0.60.2
       Fresh bitflags v2.11.1
       Fresh matches v0.1.10
       Fresh crc-catalog v2.4.0
       Fresh glob v0.3.3
       Fresh parking v2.2.1
       Fresh nodrop v0.1.14
       Fresh base64ct v1.8.3
       Fresh convert_case v0.4.0
       Fresh servo_arc v0.2.0
       Fresh derive_more v0.99.20
       Fresh pem-rfc7468 v0.7.0
       Fresh crc v3.4.0
       Fresh cssparser v0.29.6
       Fresh event-listener v5.4.1
       Fresh windows-core v0.61.2
       Fresh markup5ever v0.14.1
       Fresh url v2.5.8
       Fresh hashlink v0.10.0
       Fresh phf v0.8.0
       Fresh crossbeam-queue v0.3.12
       Fresh futures-intrusive v0.5.0
       Fresh fxhash v0.2.1
       Fresh either v1.15.0
       Fresh match_token v0.1.0
       Fresh serde_derive_internals v0.29.1
       Fresh hashbrown v0.12.3
       Fresh indexmap v1.9.3
       Fresh html5ever v0.29.1
       Fresh schemars_derive v0.8.22
       Fresh selectors v0.24.0
       Fresh camino v1.2.2
       Fresh der v0.7.10
       Fresh lazy_static v1.5.0
       Fresh num-integer v0.1.46
       Fresh cargo-platform v0.1.9
       Fresh heck v0.5.0
       Fresh dyn-clone v1.0.20
       Fresh tinyvec_macros v0.1.1
       Fresh option-ext v0.2.0
       Fresh schemars v0.8.22
       Fresh tinyvec v1.11.0
       Fresh cargo_metadata v0.19.2
       Fresh num-iter v0.1.45
       Fresh spki v0.7.3
       Fresh kuchikiki v0.8.8-speedreader
       Fresh vswhom-sys v0.1.3
       Fresh windows_x86_64_msvc v0.48.5
       Fresh windows-threading v0.1.0
       Fresh atoi v2.0.0
       Fresh futures-channel v0.3.32
       Fresh winreg v0.55.0
       Fresh windows-future v0.2.1
       Fresh windows-targets v0.48.5
       Fresh vswhom v0.1.0
       Fresh pkcs8 v0.10.2
       Fresh unicode-normalization v0.1.25
       Fresh windows-collections v0.2.0
       Fresh windows-numerics v0.2.0
       Fresh rustc_version v0.4.1
       Fresh mio v1.2.0
       Fresh socket2 v0.6.3
       Fresh hmac v0.12.1
       Fresh tokio-macros v2.7.0
       Fresh simd-adler32 v0.3.9
       Fresh unicode-properties v0.1.4
       Fresh vcpkg v0.2.15
       Fresh pkg-config v0.3.33
       Fresh unicode-bidi v0.3.18
       Fresh hkdf v0.12.4
       Fresh stringprep v0.1.5
       Fresh tokio v1.52.1
       Fresh embed-resource v3.0.8
       Fresh windows v0.61.3
       Fresh windows-sys v0.48.0
       Fresh pkcs1 v0.7.5
       Fresh md-5 v0.10.6
       Fresh signature v2.2.0
       Fresh futures-macro v0.3.32
       Fresh ryu v1.0.23
       Fresh hex v0.4.3
       Fresh whoami v1.6.1
       Fresh powerfmt v0.2.0
       Fresh raw-window-handle v0.6.2
       Fresh adler2 v2.0.1
       Fresh time-core v0.1.8
       Fresh num-conv v0.2.1
       Fresh dotenvy v0.15.7
       Fresh miniz_oxide v0.8.9
       Fresh deranged v0.5.8
       Fresh time-macros v0.2.27
       Fresh futures-util v0.3.32
       Fresh tauri-winres v0.3.5
       Fresh crc32fast v1.5.0
       Fresh cargo_toml v0.22.3
       Fresh winapi-util v0.1.11
       Fresh dpi v0.1.2
       Fresh same-file v1.0.6
       Fresh tauri-build v2.5.6
       Fresh flate2 v1.1.9
       Fresh libsqlite3-sys v0.30.1
       Fresh time v0.3.47
       Fresh webview2-com-sys v0.38.2
       Fresh serde_urlencoded v0.7.1
       Fresh tokio-stream v0.1.18
       Fresh fdeflate v0.3.7
       Fresh jsonptr v0.6.3
       Fresh flume v0.11.1
       Fresh sha1 v0.10.6
       Fresh sha2 v0.10.9
       Fresh phf_shared v0.11.3
       Fresh rand v0.8.6
       Fresh webview2-com-macros v0.8.1
       Fresh windows-version v0.1.7
       Fresh base64 v0.22.1
       Fresh unicode-segmentation v1.13.2
       Fresh sqlx-core v0.8.6
       Fresh webview2-com v0.38.2
       Fresh phf v0.11.3
       Fresh json-patch v3.0.1
       Fresh png v0.17.16
       Fresh windows_x86_64_msvc v0.53.1
       Fresh cookie v0.18.1
       Fresh walkdir v2.5.0
       Fresh urlpattern v0.3.0
       Fresh crossbeam-channel v0.5.15
       Fresh semver v1.0.28
       Fresh tauri-utils v2.8.3
       Fresh ico v0.5.0
       Fresh windows-targets v0.53.5
       Fresh num-bigint-dig v0.8.6
       Fresh home v0.5.12
       Fresh rsa v0.9.10
       Fresh etcetera v0.8.0
       Fresh tauri-codegen v2.5.5
       Fresh sqlx-macros-core v0.8.6
       Fresh windows-sys v0.60.2
       Fresh tauri-runtime v2.10.1
       Fresh wry v0.54.4
       Fresh tao v0.34.8
       Fresh keyboard-types v0.7.0
       Fresh futures-executor v0.3.32
       Fresh softbuffer v0.4.8
       Fresh dirs-sys v0.5.0
       Fresh windows-sys v0.59.0
       Fresh serialize-to-javascript-impl v0.1.2
       Fresh sqlx-sqlite v0.8.6
       Fresh muda v0.17.2
       Fresh serialize-to-javascript v0.1.2
       Fresh window-vibrancy v0.6.0
       Fresh tauri-runtime-wry v2.10.1
       Fresh dirs v6.0.0
       Fresh getrandom v0.3.4
       Fresh sqlx-macros v0.8.6
       Fresh tauri-macros v2.5.5
       Fresh sqlx-postgres v0.8.6
       Fresh sqlx-mysql v0.8.6
       Fresh windows-sys v0.52.0
       Fresh csv-core v0.1.13
       Fresh serde_repr v0.1.20
       Fresh mime v0.3.17
       Dirty dbreeze v0.1.0 (C:\Users\aszha\Desktop\DBreeze\src-tauri): the file `capabilities` is missing
   Compiling dbreeze v0.1.0 (C:\Users\aszha\Desktop\DBreeze\src-tauri)
       Fresh keyring v2.3.3
       Fresh tauri v2.10.3
       Fresh sqlx v0.8.6
       Fresh csv v1.4.0
     Running `c:\Users\aszha\Desktop\DBreeze\src-tauri\target\debug\build\dbreeze-1c4dc8b164362a3e\build-script-build`
     Running `C:\Users\aszha\.rustup\toolchains\stable-x86_64-pc-windows-msvc\bin\rustc.exe --crate-name dbreeze --edition=2021 src\main.rs --error-format=json --json=diagnostic-rendered-ansi,artifacts,future-incompat --crate-type bin --emit=dep-info,link -C embed-bitcode=no -C debuginfo=2 --check-cfg cfg(docsrs,test) --check-cfg "cfg(feature, values())" -C metadata=f462f151d6356c88 --out-dir c:\Users\aszha\Desktop\DBreeze\src-tauri\target\debug\deps -C incremental=c:\Users\aszha\Desktop\DBreeze\src-tauri\target\debug\incremental -L dependency=c:\Users\aszha\Desktop\DBreeze\src-tauri\target\debug\deps --extern csv=c:\Users\aszha\Desktop\DBreeze\src-tauri\target\debug\deps\libcsv-bdf1210400271012.rlib --extern futures_util=c:\Users\aszha\Desktop\DBreeze\src-tauri\target\debug\deps\libfutures_util-7894202d9a62612a.rlib --extern keyring=c:\Users\aszha\Desktop\DBreeze\src-tauri\target\debug\deps\libkeyring-7e8b8b1a8ad5143b.rlib --extern serde=c:\Users\aszha\Desktop\DBreeze\src-tauri\target\debug\deps\libserde-51059efc78c1e2bb.rlib --extern serde_json=c:\Users\aszha\Desktop\DBreeze\src-tauri\target\debug\deps\libserde_json-241ffe09783d5e48.rlib --extern sqlx=c:\Users\aszha\Desktop\DBreeze\src-tauri\target\debug\deps\libsqlx-5fe303fd0c5d9184.rlib --extern tauri=c:\Users\aszha\Desktop\DBreeze\src-tauri\target\debug\deps\libtauri-06cc0d34347b15eb.rlib --extern thiserror=c:\Users\aszha\Desktop\DBreeze\src-tauri\target\debug\deps\libthiserror-e89357d42c7cefcc.rlib --extern tokio=c:\Users\aszha\Desktop\DBreeze\src-tauri\target\debug\deps\libtokio-6d349ce60a2d2a8f.rlib --extern uuid=c:\Users\aszha\Desktop\DBreeze\src-tauri\target\debug\deps\libuuid-63ec5deb5fc5c927.rlib -L native=c:\Users\aszha\Desktop\DBreeze\src-tauri\target\debug\build\libsqlite3-sys-a5b041912cc42e64\out -L native=c:\Users\aszha\Desktop\DBreeze\src-tauri\target\debug\build\webview2-com-sys-8bf045f56748c684\out\x64 -L native=C:\Users\aszha\.cargo\registry\src\index.crates.io-1949cf8c6b5b557f\windows_x86_64_msvc-0.52.6\lib -L native=C:\Users\aszha\.cargo\registry\src\index.crates.io-1949cf8c6b5b557f\windows_x86_64_msvc-0.48.5\lib -L "native=C:\Program Files\Microsoft Visual Studio\2022\Community\VC\Tools\MSVC\14.44.35207\atlmfc\lib\x64" -L native=C:\Users\aszha\.cargo\registry\src\index.crates.io-1949cf8c6b5b557f\windows_x86_64_msvc-0.53.1\lib -C link-arg=c:\Users\aszha\Desktop\DBreeze\src-tauri\target\debug\build\dbreeze-f61e8f20ac97b0bc\out\resource.lib --cfg desktop --cfg dev --check-cfg cfg(desktop) --check-cfg cfg(mobile) --check-cfg cfg(dev)`
error[E0428]: the name `connection_secret_key` is defined multiple times
  --> src\commands.rs:74:1
   |
25 | fn connection_secret_key(id: &str) -> String {
   | -------------------------------------------- previous definition of the value `connection_secret_key` here
...
74 | fn connection_secret_key(id: &str) -> String {
   | ^^^^^^^^^^^^^^^^^^^^^^^^^^^^^^^^^^^^^^^^^^^^ `connection_secret_key` redefined here
   |
   = note: `connection_secret_key` must be defined only once in the value namespace of this module

error[E0432]: unresolved import `sqlx::any::AnyPool`
 --> src\state.rs:4:5
  |
4 | use sqlx::any::AnyPool;
  |     ^^^^^^^^^^^^^^^^^^ no `AnyPool` in `any`

Some errors have detailed explanations: E0428, E0432.
For more information about an error, try `rustc --explain E0428`.
error: could not compile `dbreeze` (bin "dbreeze") due to 2 previous errors

Caused by:
  process didn't exit successfully: `C:\Users\aszha\.rustup\toolchains\stable-x86_64-pc-windows-msvc\bin\rustc.exe --crate-name dbreeze --edition=2021 src\main.rs --error-format=json --json=diagnostic-rendered-ansi,artifacts,future-incompat --crate-type bin --emit=dep-info,link -C embed-bitcode=no -C debuginfo=2 --check-cfg cfg(docsrs,test) --check-cfg "cfg(feature, values())" -C metadata=f462f151d6356c88 --out-dir c:\Users\aszha\Desktop\DBreeze\src-tauri\target\debug\deps -C incremental=c:\Users\aszha\Desktop\DBreeze\src-tauri\target\debug\incremental -L dependency=c:\Users\aszha\Desktop\DBreeze\src-tauri\target\debug\deps --extern csv=c:\Users\aszha\Desktop\DBreeze\src-tauri\target\debug\deps\libcsv-bdf1210400271012.rlib --extern futures_util=c:\Users\aszha\Desktop\DBreeze\src-tauri\target\debug\deps\libfutures_util-7894202d9a62612a.rlib --extern keyring=c:\Users\aszha\Desktop\DBreeze\src-tauri\target\debug\deps\libkeyring-7e8b8b1a8ad5143b.rlib --extern serde=c:\Users\aszha\Desktop\DBreeze\src-tauri\target\debug\deps\libserde-51059efc78c1e2bb.rlib --extern serde_json=c:\Users\aszha\Desktop\DBreeze\src-tauri\target\debug\deps\libserde_json-241ffe09783d5e48.rlib --extern sqlx=c:\Users\aszha\Desktop\DBreeze\src-tauri\target\debug\deps\libsqlx-5fe303fd0c5d9184.rlib --extern tauri=c:\Users\aszha\Desktop\DBreeze\src-tauri\target\debug\deps\libtauri-06cc0d34347b15eb.rlib --extern thiserror=c:\Users\aszha\Desktop\DBreeze\src-tauri\target\debug\deps\libthiserror-e89357d42c7cefcc.rlib --extern tokio=c:\Users\aszha\Desktop\DBreeze\src-tauri\target\debug\deps\libtokio-6d349ce60a2d2a8f.rlib --extern uuid=c:\Users\aszha\Desktop\DBreeze\src-tauri\target\debug\deps\libuuid-63ec5deb5fc5c927.rlib -L native=c:\Users\aszha\Desktop\DBreeze\src-tauri\target\debug\build\libsqlite3-sys-a5b041912cc42e64\out -L native=c:\Users\aszha\Desktop\DBreeze\src-tauri\target\debug\build\webview2-com-sys-8bf045f56748c684\out\x64 -L native=C:\Users\aszha\.cargo\registry\src\index.crates.io-1949cf8c6b5b557f\windows_x86_64_msvc-0.52.6\lib -L native=C:\Users\aszha\.cargo\registry\src\index.crates.io-1949cf8c6b5b557f\windows_x86_64_msvc-0.48.5\lib -L "native=C:\Program Files\Microsoft Visual Studio\2022\Community\VC\Tools\MSVC\14.44.35207\atlmfc\lib\x64" -L native=C:\Users\aszha\.cargo\registry\src\index.crates.io-1949cf8c6b5b557f\windows_x86_64_msvc-0.53.1\lib -C link-arg=c:\Users\aszha\Desktop\DBreeze\src-tauri\target\debug\build\dbreeze-f61e8f20ac97b0bc\out\resource.lib --cfg desktop --cfg dev --check-cfg cfg(desktop) --check-cfg cfg(mobile) --check-cfg cfg(dev)` (exit code: 1)
